<?xml version="1.0" encoding="UTF-8"?>
<testng-results skipped="0" failed="0" ignored="0" total="1" passed="1">
  <reporter-output>
  </reporter-output>
  <suite name="Suite" duration-ms="26228" started-at="2018-11-03T05:11:40Z" finished-at="2018-11-03T05:12:06Z">
    <groups>
    </groups>
    <test name="Test" duration-ms="26228" started-at="2018-11-03T05:11:40Z" finished-at="2018-11-03T05:12:06Z">
      <class name="com.actiTIME.test.TESTActitimeLoginPage">
        <test-method status="PASS" signature="openApplication()[pri:0, instance:com.actiTIME.test.TESTActitimeLoginPage@1a3869f4]" name="openApplication" is-config="true" duration-ms="16837" started-at="2018-11-03T05:11:40Z" finished-at="2018-11-03T05:11:57Z">
          <reporter-output>
          </reporter-output>
        </test-method> <!-- openApplication -->
        <test-method status="PASS" signature="actitimeLogin()[pri:0, instance:com.actiTIME.test.TESTActitimeLoginPage@1a3869f4]" name="actitimeLogin" duration-ms="9355" started-at="2018-11-03T05:11:57Z" finished-at="2018-11-03T05:12:06Z">
          <reporter-output>
          </reporter-output>
        </test-method> <!-- actitimeLogin -->
        <test-method status="PASS" signature="closeApplication()[pri:0, instance:com.actiTIME.test.TESTActitimeLoginPage@1a3869f4]" name="closeApplication" is-config="true" duration-ms="0" started-at="2018-11-03T05:12:06Z" finished-at="2018-11-03T05:12:06Z">
          <reporter-output>
          </reporter-output>
        </test-method> <!-- closeApplication -->
      </class> <!-- com.actiTIME.test.TESTActitimeLoginPage -->
    </test> <!-- Test -->
  </suite> <!-- Suite -->
</testng-results>
